Turbo Assembler	 Version 3.1	    09/05/12 15:15:57	    Page 1
hello.ASM



      1	0000			     .model tiny ;atmina modelis
      2	0000			     .code	 ;programma
      3				     .startup	 ;ieejas punkts
1     4	0100			     @Startup:
      5					     ORG 100h
      6	0100  EB 0E			     Jmp short start
      7	0102  48 65 6C 6C 6F 2C	20+	     Hello DB "Hello, world!", '$'
      8	      77 6F 72 6C 64 21	24
      9	0110			     start:
     10	0110  BA 0102r			     Lea Dx, Hello
     11	0113  B4 09			     Mov Ah, 9H
     12	0115  CD 21			     Int 21h
     13	0117  B4 01			     Mov Ah, 1
     14	0119  CD 21			     Int 21h
     15				     .exit 0	 ;izejas punkts
1    16	011B  B8 4C00			     MOV     AX,04C00h
1    17	011E  CD 21			     INT     21h
     18				     end
Turbo Assembler	 Version 3.1	    09/05/12 15:15:57	    Page 2
Symbol Table




Symbol Name		Type   Value			   Cref	(defined at #)

??DATE			Text   "09/05/12"
??FILENAME		Text   "hello	"
??TIME			Text   "15:15:57"
??VERSION		Number 030A
@32BIT			Text   0			   #1
@CODE			Text   DGROUP			   #1
@CODESIZE		Text   0			   #1
@CPU			Text   0101H
@CURSEG			Text   _TEXT			   #2
@DATA			Text   DGROUP			   #1
@DATASIZE		Text   0			   #1
@FILENAME		Text   HELLO
@INTERFACE		Text   00H			   #1
@MODEL			Text   1			   #1
@STACK			Text   DGROUP			   #1
@STARTUP		Near   DGROUP:0100		   #4  19
@WORDSIZE		Text   2			   #2
HELLO			Byte   DGROUP:0102		   #7  10
START			Near   DGROUP:0110		   6  #9

Groups & Segments	Bit Size Align	Combine	Class	   Cref	(defined at #)

DGROUP			Group				   #1  1
  _DATA			16  0000 Word	Public	DATA	   #1
  _TEXT			16  0120 Word	Public	CODE	   #1  #2
